<?xml version="1.0" encoding="UTF-8"?>
<!-- Generated by org.testng.reporters.JUnitReportReporter -->
<testsuite hostname="DESKTOP-83C1RSU" failures="0" tests="3" name="testPages.DataDrivenDemoWebShop" time="3.924" errors="0" timestamp="2024-01-09T22:25:08 IST" skipped="0">
  <testcase classname="testPages.DataDrivenDemoWebShop" name="CreateAccount" time="1.621"/>
  <system-out/>
  <testcase classname="testPages.DataDrivenDemoWebShop" name="CreateAccount" time="1.343"/>
  <system-out/>
  <testcase classname="testPages.DataDrivenDemoWebShop" name="CreateAccount" time="0.960"/>
  <system-out/>
</testsuite> <!-- testPages.DataDrivenDemoWebShop -->
